<?xml version="1.0" encoding="UTF-8"?>
<!-- Generated by org.testng.reporters.JUnitReportReporter -->
<testsuite hostname="LAPTOP-E71HV51S" failures="0" tests="1" name="org.example.ApiChatgpt" time="48.863" errors="0" timestamp="2023-11-10T11:14:33 IST" skipped="0">
  <testcase classname="org.example.ApiChatgpt" name="codeGeneration" time="48.863"/>
  <system-out/>
</testsuite> <!-- org.example.ApiChatgpt -->
