<?xml version="1.0" encoding="UTF-8"?>
<!-- Generated by org.testng.reporters.JUnitReportReporter -->
<testsuite hostname="LAPTOP-E71HV51S" failures="0" tests="1" name="org.example.UIchatgpt" time="70.901" errors="0" timestamp="2023-11-10T11:09:11 IST" skipped="0">
  <testcase classname="org.example.UIchatgpt" name="codeGeneration" time="70.901"/>
  <system-out/>
</testsuite> <!-- org.example.UIchatgpt -->
